Turbo Assembler	 Version 4.1	    09/28/24 17:42:28	    Page 1
PR_PRG2.ASM



      1	0000			     .MODEL small
      2	0000			     .STACK 100h
      3	0000			     .DATA
      4				     ;----float	(DWord)	----
      5	0000  C2C84A4B		     f dd -100.1451
      6	0004  42C84A4B		     dd	100.1451
      7	0008  C27890B1		     dd	-62.1413
      8	000C  427890B1		     dd	62.1413
      9	0010  42C80000		     dd	100.
     10	0014  C2C80000		     dd	-100.
     11	0018  42780000		     dd	62.
     12	001C  C2780000		     dd	-62.
     13	0020  3E149518		     dd	0.1451
     14	0024  BE149518		     dd	-0.1451
     15	0028  3E10B0F2		     dd	0.1413
     16	002C  BE10B0F2		     dd	-0.1413
     17				     ;-----double (QWord) ----
     18	0030  C05909495182A993	     d dq -100.1451
     19	0038  405909495182A993	     dq	100.1451
     20	0040  C04F12161E4F7660	     dq	-62.1413
     21	0048  404F12161E4F7660	     dq	62.1413
     22	0050  4059000000000000	     dq	100.
     23	0058  C059000000000000	     dq	-100.
     24	0060  404F000000000000	     dq	62.
     25	0068  C04F000000000000	     dq	-62.
     26	0070  3FC292A305532618	     dq	0.1451
     27	0078  BFC292A305532618	     dq	-0.1451
     28	0080  3FC2161E4F765FD8	     dq	0.1413
     29	0088  BFC2161E4F765FD8	     dq	-0.1413
     30				     ;---- long	double (Tbyte) ----
     31	0090  C005C84A4A8C154C985F   t dt -100.1451
     32	009A  4005C84A4A8C154C985F   dt	100.1451
     33	00A4  C004F890B0F27BB2FEC5   dt	-62.1413
     34	00AE  4004F890B0F27BB2FEC5   dt	62.1413
     35	00B8  4005C800000000000000   dt	100.
     36	00C2  C005C800000000000000   dt	-100.
     37	00CC  4004F800000000000000   dt	62.
     38	00D6  C004F800000000000000   dt	-62.
     39	00E0  3FFC9495182A9930BE0E   dt	0.1451
     40	00EA  BFFC9495182A9930BE0E   dt	-0.1451
     41	00F4  3FFC90B0F27BB2FEC56D   dt	0.1413
     42	00FE  BFFC90B0F27BB2FEC56D   dt	-0.1413
     43				     end
Turbo Assembler	 Version 4.1	    09/28/24 17:42:28	    Page 2
Symbol Table




Symbol Name			  Type	 Value

??DATE				  Text	 "09/28/24"
??FILENAME			  Text	 "PR_PRG2 "
??TIME				  Text	 "17:42:28"
??VERSION			  Number 040A
@32BIT				  Text	 0
@CODE				  Text	 _TEXT
@CODESIZE			  Text	 0
@CPU				  Text	 0101H
@CURSEG				  Text	 _DATA
@DATA				  Text	 DGROUP
@DATASIZE			  Text	 0
@FILENAME			  Text	 PR_PRG2
@INTERFACE			  Text	 000H
@MODEL				  Text	 2
@STACK				  Text	 DGROUP
@WORDSIZE			  Text	 2
D				  Qword	 DGROUP:0030
F				  Dword	 DGROUP:0000
T				  Tbyte	 DGROUP:0090

Groups & Segments		  Bit Size Align  Combine Class

DGROUP				  Group
  STACK				  16  0100 Para	  Stack	  STACK
  _DATA				  16  0108 Word	  Public  DATA
_TEXT				  16  0000 Word	  Public  CODE
